0 info it worked if it ends with ok
1 verbose cli [ 'node',
1 verbose cli   '/usr/local/bin/npm',
1 verbose cli   'install',
1 verbose cli   '--save-dev',
1 verbose cli   'gulp-autoprefix',
1 verbose cli   'gulp-uncss' ]
2 info using npm@1.4.28
3 info using node@v0.10.32
4 verbose readDependencies using package.json deps
5 verbose cache add [ 'gulp-autoprefix', null ]
6 verbose cache add name=undefined spec="gulp-autoprefix" args=["gulp-autoprefix",null]
7 verbose parsed url { protocol: null,
7 verbose parsed url   slashes: null,
7 verbose parsed url   auth: null,
7 verbose parsed url   host: null,
7 verbose parsed url   port: null,
7 verbose parsed url   hostname: null,
7 verbose parsed url   hash: null,
7 verbose parsed url   search: null,
7 verbose parsed url   query: null,
7 verbose parsed url   pathname: 'gulp-autoprefix',
7 verbose parsed url   path: 'gulp-autoprefix',
7 verbose parsed url   href: 'gulp-autoprefix' }
8 verbose cache add [ 'gulp-uncss', null ]
9 verbose cache add name=undefined spec="gulp-uncss" args=["gulp-uncss",null]
10 verbose parsed url { protocol: null,
10 verbose parsed url   slashes: null,
10 verbose parsed url   auth: null,
10 verbose parsed url   host: null,
10 verbose parsed url   port: null,
10 verbose parsed url   hostname: null,
10 verbose parsed url   hash: null,
10 verbose parsed url   search: null,
10 verbose parsed url   query: null,
10 verbose parsed url   pathname: 'gulp-uncss',
10 verbose parsed url   path: 'gulp-uncss',
10 verbose parsed url   href: 'gulp-uncss' }
11 silly lockFile d5337f70-gulp-autoprefix gulp-autoprefix
12 verbose lock gulp-autoprefix /Users/brianzelip/.npm/d5337f70-gulp-autoprefix.lock
13 silly lockFile a2e36876-gulp-uncss gulp-uncss
14 verbose lock gulp-uncss /Users/brianzelip/.npm/a2e36876-gulp-uncss.lock
15 silly lockFile d5337f70-gulp-autoprefix gulp-autoprefix
16 silly lockFile d5337f70-gulp-autoprefix gulp-autoprefix
17 silly lockFile a2e36876-gulp-uncss gulp-uncss
18 silly lockFile a2e36876-gulp-uncss gulp-uncss
19 verbose addNamed [ 'gulp-autoprefix', '' ]
20 verbose addNamed [ null, '*' ]
21 silly lockFile e6355660-gulp-autoprefix gulp-autoprefix@
22 verbose lock gulp-autoprefix@ /Users/brianzelip/.npm/e6355660-gulp-autoprefix.lock
23 verbose addNamed [ 'gulp-uncss', '' ]
24 verbose addNamed [ null, '*' ]
25 silly lockFile 08eff4c5-gulp-uncss gulp-uncss@
26 verbose lock gulp-uncss@ /Users/brianzelip/.npm/08eff4c5-gulp-uncss.lock
27 silly addNameRange { name: 'gulp-autoprefix', range: '*', hasData: false }
28 silly addNameRange { name: 'gulp-uncss', range: '*', hasData: false }
29 verbose request where is /gulp-autoprefix
30 verbose request registry https://registry.npmjs.org/
31 verbose request id 458442ba00db58ed
32 verbose url raw /gulp-autoprefix
33 verbose url resolving [ 'https://registry.npmjs.org/', './gulp-autoprefix' ]
34 verbose url resolved https://registry.npmjs.org/gulp-autoprefix
35 verbose request where is https://registry.npmjs.org/gulp-autoprefix
36 info trying registry request attempt 1 at 10:32:07
37 http GET https://registry.npmjs.org/gulp-autoprefix
38 verbose request where is /gulp-uncss
39 verbose request registry https://registry.npmjs.org/
40 verbose url raw /gulp-uncss
41 verbose url resolving [ 'https://registry.npmjs.org/', './gulp-uncss' ]
42 verbose url resolved https://registry.npmjs.org/gulp-uncss
43 verbose request where is https://registry.npmjs.org/gulp-uncss
44 info trying registry request attempt 1 at 10:32:07
45 verbose etag "3NGK3Y1I52B686A5XUALUD434"
46 http GET https://registry.npmjs.org/gulp-uncss
47 http 304 https://registry.npmjs.org/gulp-uncss
48 silly registry.get cb [ 304,
48 silly registry.get   { date: 'Sun, 08 Mar 2015 15:32:07 GMT',
48 silly registry.get     server: 'Apache',
48 silly registry.get     via: '1.1 varnish',
48 silly registry.get     'last-modified': 'Sun, 08 Mar 2015 15:32:07 GMT',
48 silly registry.get     'cache-control': 'max-age=60',
48 silly registry.get     etag: '"3NGK3Y1I52B686A5XUALUD434"',
48 silly registry.get     age: '0',
48 silly registry.get     'x-served-by': 'cache-dfw1822-DFW',
48 silly registry.get     'x-cache': 'MISS',
48 silly registry.get     'x-cache-hits': '0',
48 silly registry.get     'x-timer': 'S1425828727.404990,VS0,VE218',
48 silly registry.get     vary: 'Accept',
48 silly registry.get     'content-length': '0',
48 silly registry.get     'keep-alive': 'timeout=10, max=50',
48 silly registry.get     connection: 'Keep-Alive' } ]
49 verbose etag https://registry.npmjs.org/gulp-uncss from cache
50 silly addNameRange number 2 { name: 'gulp-uncss', range: '*', hasData: true }
51 silly addNameRange versions [ 'gulp-uncss',
51 silly addNameRange   [ '0.1.0',
51 silly addNameRange     '0.1.1',
51 silly addNameRange     '0.1.2',
51 silly addNameRange     '0.1.3',
51 silly addNameRange     '0.1.4',
51 silly addNameRange     '0.1.5',
51 silly addNameRange     '0.1.6',
51 silly addNameRange     '0.1.7',
51 silly addNameRange     '0.2.0',
51 silly addNameRange     '0.2.1',
51 silly addNameRange     '0.3.0',
51 silly addNameRange     '0.4.0',
51 silly addNameRange     '0.4.1',
51 silly addNameRange     '0.4.2',
51 silly addNameRange     '0.4.3',
51 silly addNameRange     '0.4.4',
51 silly addNameRange     '0.4.5',
51 silly addNameRange     '0.5.0',
51 silly addNameRange     '0.5.1',
51 silly addNameRange     '0.5.2',
51 silly addNameRange     '1.0.0' ] ]
52 verbose addNamed [ 'gulp-uncss', '1.0.0' ]
53 verbose addNamed [ '1.0.0', '1.0.0' ]
54 silly lockFile 27fe8de4-gulp-uncss-1-0-0 gulp-uncss@1.0.0
55 verbose lock gulp-uncss@1.0.0 /Users/brianzelip/.npm/27fe8de4-gulp-uncss-1-0-0.lock
56 silly lockFile 27fe8de4-gulp-uncss-1-0-0 gulp-uncss@1.0.0
57 silly lockFile 27fe8de4-gulp-uncss-1-0-0 gulp-uncss@1.0.0
58 silly lockFile 08eff4c5-gulp-uncss gulp-uncss@
59 silly lockFile 08eff4c5-gulp-uncss gulp-uncss@
60 http 404 https://registry.npmjs.org/gulp-autoprefix
61 verbose headers { date: 'Sun, 08 Mar 2015 15:32:08 GMT',
61 verbose headers   server: 'CouchDB/1.5.0 (Erlang OTP/R16B03)',
61 verbose headers   'content-type': 'application/json',
61 verbose headers   'cache-control': 'max-age=0',
61 verbose headers   'content-length': '52',
61 verbose headers   'accept-ranges': 'bytes',
61 verbose headers   via: '1.1 varnish',
61 verbose headers   age: '0',
61 verbose headers   'x-served-by': 'cache-dfw1825-DFW',
61 verbose headers   'x-cache': 'MISS',
61 verbose headers   'x-cache-hits': '0',
61 verbose headers   'x-timer': 'S1425828727.770141,VS0,VE258',
61 verbose headers   'keep-alive': 'timeout=10, max=50',
61 verbose headers   connection: 'Keep-Alive' }
62 silly registry.get cb [ 404,
62 silly registry.get   { date: 'Sun, 08 Mar 2015 15:32:08 GMT',
62 silly registry.get     server: 'CouchDB/1.5.0 (Erlang OTP/R16B03)',
62 silly registry.get     'content-type': 'application/json',
62 silly registry.get     'cache-control': 'max-age=0',
62 silly registry.get     'content-length': '52',
62 silly registry.get     'accept-ranges': 'bytes',
62 silly registry.get     via: '1.1 varnish',
62 silly registry.get     age: '0',
62 silly registry.get     'x-served-by': 'cache-dfw1825-DFW',
62 silly registry.get     'x-cache': 'MISS',
62 silly registry.get     'x-cache-hits': '0',
62 silly registry.get     'x-timer': 'S1425828727.770141,VS0,VE258',
62 silly registry.get     'keep-alive': 'timeout=10, max=50',
62 silly registry.get     connection: 'Keep-Alive' } ]
63 silly lockFile e6355660-gulp-autoprefix gulp-autoprefix@
64 silly lockFile e6355660-gulp-autoprefix gulp-autoprefix@
65 error 404 404 Not Found: gulp-autoprefix
65 error 404
65 error 404 'gulp-autoprefix' is not in the npm registry.
65 error 404 You should bug the author to publish it
65 error 404 It was specified as a dependency of 'bassplate'
65 error 404
65 error 404 Note that you can also install from a
65 error 404 tarball, folder, or http url, or git url.
66 error System Darwin 13.4.0
67 error command "node" "/usr/local/bin/npm" "install" "--save-dev" "gulp-autoprefix" "gulp-uncss"
68 error cwd /Users/brianzelip/Sites/github/metadata/newStyle
69 error node -v v0.10.32
70 error npm -v 1.4.28
71 error code E404
72 verbose exit [ 1, true ]
